19:57:52  Сохранён полный скриншот: screen_full.png  (размер экрана: 1920x1080)
19:57:52  Сохранена текущая игровая область (GAME_REGION): screen_region.png
19:57:52  Открой screen_full.png, определи прямоугольник карты и, если нужно, поправь GAME_REGION в настройках. Из screen_region.png / screen_full.png вырежь по одному кусочку каждой травы в папку templates/.
19:58:07  Сохранён полный скриншот: screen_full.png  (размер экрана: 1920x1080)
19:58:07  Сохранена текущая игровая область (GAME_REGION): screen_region.png
19:58:07  Открой screen_full.png, определи прямоугольник карты и, если нужно, поправь GAME_REGION в настройках. Из screen_region.png / screen_full.png вырежь по одному кусочку каждой травы в папку templates/.
19:58:30  Сохранён полный скриншот: screen_full.png  (размер экрана: 1920x1080)
19:58:30  Сохранена текущая игровая область (GAME_REGION): screen_region.png
19:58:30  Открой screen_full.png, определи прямоугольник карты и, если нужно, поправь GAME_REGION в настройках. Из screen_region.png / screen_full.png вырежь по одному кусочку каждой травы в папку templates/.
19:59:43  Шаблон не найден, пропускаю: templates/clover.png
19:59:43  Шаблон не найден, пропускаю: templates/mistletoe.png
19:59:43  Шаблон не найден, пропускаю: templates/thistle.png
19:59:43  Не загружено ни одного шаблона. Проверь папку templates/ и пути в TEMPLATES.
19:59:51  Шаблон не найден, пропускаю: templates/clover.png
19:59:51  Шаблон не найден, пропускаю: templates/mistletoe.png
19:59:51  Шаблон не найден, пропускаю: templates/thistle.png
19:59:51  Не загружено ни одного шаблона. Проверь папку templates/ и пути в TEMPLATES.
20:05:08  Сохранён полный скриншот: screen_full.png  (размер экрана: 1920x1080)
20:05:08  Сохранена текущая игровая область (GAME_REGION): screen_region.png
20:05:08  Открой screen_full.png, определи прямоугольник карты и, если нужно, поправь GAME_REGION в настройках. Из screen_region.png / screen_full.png вырежь по одному кусочку каждой травы в папку templates/.
20:09:58  Сохранён полный скриншот: screen_full.png  (размер экрана: 1920x1080)
20:09:58  Сохранена текущая игровая область (GAME_REGION): screen_region.png
20:09:58  Открой screen_full.png, определи прямоугольник карты и, если нужно, поправь GAME_REGION в настройках. Из screen_region.png / screen_full.png вырежь по одному кусочку каждой травы в папку templates/.
20:10:09  Сохранён полный скриншот: screen_full.png  (размер экрана: 1920x1080)
20:10:09  Сохранена текущая игровая область (GAME_REGION): screen_region.png
20:10:09  Открой screen_full.png, определи прямоугольник карты и, если нужно, поправь GAME_REGION в настройках. Из screen_region.png / screen_full.png вырежь по одному кусочку каждой травы в папку templates/.
20:44:03  Сохранён screen_full.png  (экран 1920x1080)
20:44:03  Сохранён screen_region.png — это то, что видит бот как КАРТУ. Проверь, что в него попала только зелёная карта (без верхней панели и чата). Если нет — поправь GAME_REGION в настройках.
20:44:14  Найдено кустиков омелы: 2. Разметка сохранена в debug_omela.png
20:44:14  Открой debug_omela.png: красные кружки должны стоять на омеле. Если ловит лишнее — сузь диапазон OMELA_HSV_* или размеры BLOB_*; если пропускает омелу — расширь их.
20:44:20  Старт через 5 сек. Переключись в окно игры (карта должна быть видна целиком). Стоп: курсор в левый верхний угол экрана или Ctrl+C.
20:44:25  Цикл #1: вижу омелы — 10 шт.
20:44:30  Собрал кустик (всего за сессию: 1)
20:44:36  Собрал кустик (всего за сессию: 2)
20:44:43  Собрал кустик (всего за сессию: 3)
20:44:49  Собрал кустик (всего за сессию: 4)
20:44:56  Собрал кустик (всего за сессию: 5)
20:45:02  Собрал кустик (всего за сессию: 6)
20:45:10  Собрал кустик (всего за сессию: 7)
20:45:15  Собрал кустик (всего за сессию: 8)
20:45:21  Собрал кустик (всего за сессию: 9)
20:45:26  Собрал кустик (всего за сессию: 10)
20:45:31  Цикл #2: вижу омелы — 10 шт.
20:45:36  Собрал кустик (всего за сессию: 11)
20:45:41  Собрал кустик (всего за сессию: 12)
20:45:47  Собрал кустик (всего за сессию: 13)
20:45:53  Собрал кустик (всего за сессию: 14)
20:45:58  Собрал кустик (всего за сессию: 15)
20:46:04  Собрал кустик (всего за сессию: 16)
20:46:10  Собрал кустик (всего за сессию: 17)
20:46:16  Собрал кустик (всего за сессию: 18)
20:46:22  Собрал кустик (всего за сессию: 19)
20:46:29  Собрал кустик (всего за сессию: 20)
20:46:34  Цикл #3: вижу омелы — 155 шт.
20:46:38  Собрал кустик (всего за сессию: 21)
20:46:43  Собрал кустик (всего за сессию: 22)
20:46:50  Собрал кустик (всего за сессию: 23)
20:46:55  Остановлено (Ctrl+C).
20:52:45  Размер экрана: скриншот 1920x1080, клики 1920x1080
20:52:45  Найдено кустиков омелы: 0. Разметка — в debug_omela.png
20:52:46  Размер экрана: скриншот 1920x1080, клики 1920x1080
20:52:46  Старт через 5 сек. Переключись в окно игры (карта видна целиком). Стоп: курсор в левый верхний угол экрана или Ctrl+C.
20:52:51  Цикл #1: вижу омелы — 5 шт.
20:52:56  Собрал кустик (всего за сессию: 1)
20:53:02  Собрал кустик (всего за сессию: 2)
20:53:07  Собрал кустик (всего за сессию: 3)
20:53:12  Собрал кустик (всего за сессию: 4)
20:53:17  Собрал кустик (всего за сессию: 5)
20:53:22  Цикл #2: вижу омелы — 10 шт.
20:53:25  Собрал кустик (всего за сессию: 6)
20:53:30  Собрал кустик (всего за сессию: 7)
20:53:35  Собрал кустик (всего за сессию: 8)
20:53:40  Собрал кустик (всего за сессию: 9)
20:53:46  Собрал кустик (всего за сессию: 10)
20:53:51  Собрал кустик (всего за сессию: 11)
20:53:55  Собрал кустик (всего за сессию: 12)
20:54:00  Собрал кустик (всего за сессию: 13)
20:54:05  Собрал кустик (всего за сессию: 14)
20:54:09  Собрал кустик (всего за сессию: 15)
20:54:14  Цикл #3: подозрительно много пятен (149) — похоже на анимацию сбора, пропускаю.
20:54:17  Цикл #4: подозрительно много пятен (149) — похоже на анимацию сбора, пропускаю.
20:54:19  Цикл #5: подозрительно много пятен (149) — похоже на анимацию сбора, пропускаю.
20:54:22  Цикл #6: подозрительно много пятен (149) — похоже на анимацию сбора, пропускаю.
20:54:25  Цикл #7: подозрительно много пятен (149) — похоже на анимацию сбора, пропускаю.
20:54:28  Цикл #8: подозрительно много пятен (149) — похоже на анимацию сбора, пропускаю.
20:54:31  Цикл #9: подозрительно много пятен (149) — похоже на анимацию сбора, пропускаю.
20:54:35  Цикл #10: подозрительно много пятен (155) — похоже на анимацию сбора, пропускаю.
20:54:38  Цикл #11: вижу омелы — 3 шт.
20:54:42  Собрал кустик (всего за сессию: 16)
20:54:47  Собрал кустик (всего за сессию: 17)
20:54:52  Собрал кустик (всего за сессию: 18)
20:54:56  Цикл #12: вижу омелы — 7 шт.
20:54:59  Остановлено (Ctrl+C).
