22:53:16  Открываю окно игры. Войди в игру и дойди до локации с омелой.
22:54:28  Открываю окно игры. Войди в игру и дойди до локации с омелой.
22:55:24  Открываю окно игры. Войди в игру и дойди до локации с омелой.
22:57:23  Открываю окно игры. Войди в игру и дойди до локации с омелой.
23:05:33  Открываю окно игры. Войди в игру и дойди до локации с омелой.
23:08:08  Готово. Сессия сохранена в browser_profile. Теперь можно --debug и запуск.
23:08:10  Открываю окно игры. Войди в игру и дойди до локации с омелой.
23:08:41  Готово. Сессия сохранена в browser_profile. Теперь можно --debug и запуск.
23:08:42  Открываю окно игры. Войди в игру и дойди до локации с омелой.
23:10:26  Открываю окно игры. Войди в игру и дойди до локации с омелой.
23:13:34  Future exception was never retrieved
future: <Future finished exception=TargetClosedError('Target page, context or browser has been closed')>
playwright._impl._errors.TargetClosedError: Target page, context or browser has been closed
23:13:36  Открываю окно игры. Войди в игру и дойди до локации с омелой.
23:16:38  Открываю окно игры. Войди в игру и дойди до локации с омелой.
23:18:11  Открываю окно игры. Войди в игру и дойди до локации с омелой.
23:19:41  Готово. Сессия сохранена в browser_profile. Теперь можно --debug и запуск.
23:19:51  Скриншот страницы: page_full.png (размер 1600x900)
23:19:51  Найдено омелы: 0. Файлы: debug_omela.png (разметка), page_region.png (рамка области). Пришли их мне для точной настройки.
23:20:02  Скриншот страницы: page_full.png (размер 1600x900)
23:20:02  Найдено омелы: 50. Файлы: debug_omela.png (разметка), page_region.png (рамка области). Пришли их мне для точной настройки.
23:20:14  Скриншот страницы: page_full.png (размер 1600x900)
23:20:14  Найдено омелы: 0. Файлы: debug_omela.png (разметка), page_region.png (рамка области). Пришли их мне для точной настройки.
23:20:17  Открываю окно игры. Войди в игру и дойди до локации с омелой.
23:21:58  Скриншот страницы: page_full.png (размер 1600x900)
23:21:58  Найдено омелы: 50. Файлы: debug_omela.png (разметка), page_region.png (рамка области). Пришли их мне для точной настройки.
23:22:54  Открываю окно игры. Войди в игру и дойди до локации с омелой.
23:23:57  Открываю окно игры. Войди в игру и дойди до локации с омелой.
23:26:28  Скриншот страницы: page_full.png (размер 1600x900)
23:26:28  Найдено омелы: 50. Файлы: debug_omela.png (разметка), page_region.png (рамка области). Пришли их мне для точной настройки.
23:27:57  Скриншот страницы: page_full.png (размер 1600x900)
23:27:57  Найдено омелы: 50. Файлы: debug_omela.png (разметка), page_region.png (рамка области). Пришли их мне для точной настройки.
23:29:48  Открываю окно игры. Войди в игру и дойди до локации с омелой.
23:32:09  URL: https://w1.dwar.ru/index.php?error=%D0%9F%D0%BE%D0%BB%D1%8C%D0%B7%D0%BE%D0%B2%D0%B0%D1%82%D0%B5%D0%BB%D1%8C+%D0%B2%D0%BE%D1%81%D1%81%D1%82%D0%B0%D0%BD%D0%B0%D0%B2%D0%BB%D0%B8%D0%B2%D0%B0%D0%B5%D1%82%D1%81%D1%8F.+%D0%9F%D0%BE%D0%BF%D1%80%D0%BE%D0%B1%D1%83%D0%B9%D1%82%D0%B5+%D0%B2%D0%BE%D0%B9%D1%82%D0%B8+%D1%87%D0%B5%D1%80%D0%B5%D0%B7+%D0%BD%D0%B5%D0%BA%D0%BE%D1%82%D0%BE%D1%80%D0%BE%D0%B5+%D0%B2%D1%80%D0%B5%D0%BC%D1%8F%21&sig=782a6b87a2c4b12d543a7fb296269913 | заголовок: Легенда: Наследие Драконов — бесплатная онлайн игра | Браузерная MMORPG онлайн игра про Драконов — одна из старейших бесплатных ролевых online игр. Скачать и играть в лучшую многопользовательскую RPG браузерную игру онлайн бесплатно.
23:32:09  Скриншот 1600x900, найдено 'омелы': 50.
23:32:09  Готово. Отметка времени: 233208. Файлы: page_full_233208.png и page_dom_233208.html — пришли мне (или напиши 'готово', заберу сам).
23:32:19  URL: https://w1.dwar.ru/index.php?error=%D0%9F%D0%BE%D0%BB%D1%8C%D0%B7%D0%BE%D0%B2%D0%B0%D1%82%D0%B5%D0%BB%D1%8C+%D0%B2%D0%BE%D1%81%D1%81%D1%82%D0%B0%D0%BD%D0%B0%D0%B2%D0%BB%D0%B8%D0%B2%D0%B0%D0%B5%D1%82%D1%81%D1%8F.+%D0%9F%D0%BE%D0%BF%D1%80%D0%BE%D0%B1%D1%83%D0%B9%D1%82%D0%B5+%D0%B2%D0%BE%D0%B9%D1%82%D0%B8+%D1%87%D0%B5%D1%80%D0%B5%D0%B7+%D0%BD%D0%B5%D0%BA%D0%BE%D1%82%D0%BE%D1%80%D0%BE%D0%B5+%D0%B2%D1%80%D0%B5%D0%BC%D1%8F%21&sig=782a6b87a2c4b12d543a7fb296269913 | заголовок: Легенда: Наследие Драконов — бесплатная онлайн игра | Браузерная MMORPG онлайн игра про Драконов — одна из старейших бесплатных ролевых online игр. Скачать и играть в лучшую многопользовательскую RPG браузерную игру онлайн бесплатно.
23:32:19  Скриншот 1600x900, найдено 'омелы': 50.
23:32:19  Готово. Отметка времени: 233218. Файлы: page_full_233218.png и page_dom_233218.html — пришли мне (или напиши 'готово', заберу сам).
23:37:34  Окно игры открыто.
23:45:48  URL: https://w1.dwar.ru/main.php | заголовок: Легенда: Наследие Драконов — бесплатная онлайн игра | Браузерная MMORPG онлайн игра про Драконов — одна из старейших бесплатных ролевых online игр. Скачать и играть в лучшую многопользовательскую RPG браузерную игру онлайн бесплатно.
23:45:48  Скриншот 1600x900, найдено 'омелы': 8.
23:45:48  Отметка времени 234548. Пришли мне page_full_234548.png и page_dom_234548.html (или напиши 'готово').
23:45:56  Окно игры открыто.
23:46:27  URL: https://w1.dwar.ru/main.php | заголовок: Легенда: Наследие Драконов — бесплатная онлайн игра | Браузерная MMORPG онлайн игра про Драконов — одна из старейших бесплатных ролевых online игр. Скачать и играть в лучшую многопользовательскую RPG браузерную игру онлайн бесплатно.
23:46:27  Скриншот 1600x900, найдено 'омелы': 7.
23:46:27  Отметка времени 234626. Пришли мне page_full_234626.png и page_dom_234626.html (или напиши 'готово').
08:55:56  Окно игры открыто.
08:57:36  Старт сбора. Стоп: Ctrl+C.
08:57:36  Цикл #1: вижу омелы — 4 шт.
08:57:36  Собрал кустик (всего: 1)
08:57:41  Собрал кустик (всего: 2)
08:57:45  Собрал кустик (всего: 3)
08:57:50  Собрал кустик (всего: 4)
08:57:59  Цикл #2: вижу омелы — 4 шт.
08:57:59  Собрал кустик (всего: 5)
08:58:06  Собрал кустик (всего: 6)
08:58:11  Собрал кустик (всего: 7)
08:58:15  Собрал кустик (всего: 8)
08:58:22  Цикл #3: вижу омелы — 0 шт.
08:58:26  Остановлено (Ctrl+C).
